<?xml version="1.0" encoding="UTF-8"?>
<!-- Generated by org.testng.reporters.JUnitReportReporter -->
<testsuite hostname="ubuntu64" name="com.testframework.TestAllegro" tests="1" failures="0" timestamp="21 Apr 2015 11:43:26 GMT" time="19.391" errors="0">
  <testcase name="testSearch" time="19.391" classname="com.testframework.TestAllegro"/>
</testsuite> <!-- com.testframework.TestAllegro -->
