<?xml version="1.0" encoding="UTF-8"?>
<!-- Generated by org.testng.reporters.JUnitReportReporter -->
<testsuite hostname="ubuntu64" name="com.testproject.AppTest" tests="1" failures="0" timestamp="9 Apr 2015 15:12:59 GMT" time="24.721" errors="0">
  <testcase name="testSearch" time="24.721" classname="com.testproject.AppTest"/>
</testsuite> <!-- com.testproject.AppTest -->
