<?xml version="1.0" encoding="UTF-8"?>
<!-- Generated by org.testng.reporters.JUnitReportReporter -->
<testsuite hostname="ubuntu64" name="com.testframework.TestAllegro" tests="1" failures="0" timestamp="11 Apr 2015 10:10:59 GMT" time="21.093" errors="0">
  <testcase name="testSearch" time="21.093" classname="com.testframework.TestAllegro"/>
</testsuite> <!-- com.testframework.TestAllegro -->
